{"timestamp":"2026-04-25T15:13:04.281705Z","level":"info","event":"DAG bundles loaded: dags-folder","logger":"airflow.dag_processing.bundles.manager.DagBundlesManager","filename":"manager.py","lineno":209}
{"timestamp":"2026-04-25T15:13:04.288227Z","level":"info","event":"Filling up the DagBag from /opt/airflow/dags/cyber_threat_orchestration.py","logger":"airflow.dag_processing.dagbag.BundleDagBag","filename":"dagbag.py","lineno":469}
{"timestamp":"2026-04-25T15:13:21.427004Z","level":"info","event":"","logger":"task.stdout"}
{"timestamp":"2026-04-25T15:13:21.430563Z","level":"info","event":"Traceback (most recent call last):","logger":"task.stdout"}
{"timestamp":"2026-04-25T15:13:21.432595Z","level":"info","event":"  File \"/opt/airflow/project/ingest_otx_MinIO.py\", line 8, in <module>","logger":"task.stdout"}
{"timestamp":"2026-04-25T15:13:21.445124Z","level":"info","event":"    consumer = KafkaConsumer(","logger":"task.stdout"}
{"timestamp":"2026-04-25T15:13:21.446855Z","level":"info","event":"        TOPIC,","logger":"task.stdout"}
{"timestamp":"2026-04-25T15:13:21.448056Z","level":"info","event":"    ...<4 lines>...","logger":"task.stdout"}
{"timestamp":"2026-04-25T15:13:21.450154Z","level":"info","event":"        value_deserializer=lambda v: json.loads(v.decode(\"utf-8\"))","logger":"task.stdout"}
{"timestamp":"2026-04-25T15:13:21.452565Z","level":"info","event":"    )","logger":"task.stdout"}
{"timestamp":"2026-04-25T15:13:21.455514Z","level":"info","event":"  File \"/home/airflow/.local/lib/python3.13/site-packages/kafka/consumer/group.py\", line 397, in __init__","logger":"task.stdout"}
{"timestamp":"2026-04-25T15:13:21.458527Z","level":"info","event":"    self._client = self.config['kafka_client'](metrics=self._metrics, **self.config)","logger":"task.stdout"}
{"timestamp":"2026-04-25T15:13:21.460457Z","level":"info","event":"                   ~~~~~~~~~~~~~~~~~~~~~~~~~~~^^^^^^^^^^^^^^^^^^^^^^^^^^^^^^^^^^^^^^","logger":"task.stdout"}
{"timestamp":"2026-04-25T15:13:21.462813Z","level":"info","event":"  File \"/home/airflow/.local/lib/python3.13/site-packages/kafka/client_async.py\", line 262, in __init__","logger":"task.stdout"}
{"timestamp":"2026-04-25T15:13:21.464306Z","level":"info","event":"    self.config['api_version'] = self.check_version()","logger":"task.stdout"}
{"timestamp":"2026-04-25T15:13:21.467534Z","level":"info","event":"                                 ~~~~~~~~~~~~~~~~~~^^","logger":"task.stdout"}
{"timestamp":"2026-04-25T15:13:21.474731Z","level":"info","event":"  File \"/home/airflow/.local/lib/python3.13/site-packages/kafka/client_async.py\", line 1076, in check_version","logger":"task.stdout"}
{"timestamp":"2026-04-25T15:13:21.477147Z","level":"info","event":"    raise Errors.NoBrokersAvailable()","logger":"task.stdout"}
{"timestamp":"2026-04-25T15:13:21.478646Z","level":"info","event":"kafka.errors.NoBrokersAvailable: NoBrokersAvailable","logger":"task.stdout"}
{"timestamp":"2026-04-25T15:13:21.479754Z","level":"info","event":"","logger":"task.stdout"}
{"timestamp":"2026-04-25T15:13:21.415489Z","level":"error","event":"Task failed with exception","logger":"task","filename":"task_runner.py","lineno":1347,"error_detail":[{"exc_type":"RuntimeError","exc_value":"ingest_otx_MinIO.py failed with exit code 1","exc_notes":[],"syntax_error":null,"is_cause":false,"frames":[{"filename":"/home/airflow/.local/lib/python3.13/site-packages/airflow/sdk/execution_time/task_runner.py","lineno":1263,"name":"run"},{"filename":"/home/airflow/.local/lib/python3.13/site-packages/airflow/sdk/execution_time/task_runner.py","lineno":1678,"name":"_execute_task"},{"filename":"/home/airflow/.local/lib/python3.13/site-packages/airflow/sdk/bases/operator.py","lineno":443,"name":"wrapper"},{"filename":"/home/airflow/.local/lib/python3.13/site-packages/airflow/sdk/bases/decorator.py","lineno":398,"name":"execute"},{"filename":"/home/airflow/.local/lib/python3.13/site-packages/airflow/sdk/bases/operator.py","lineno":443,"name":"wrapper"},{"filename":"/home/airflow/.local/lib/python3.13/site-packages/airflow/providers/standard/operators/python.py","lineno":227,"name":"execute"},{"filename":"/home/airflow/.local/lib/python3.13/site-packages/airflow/providers/standard/operators/python.py","lineno":250,"name":"execute_callable"},{"filename":"/home/airflow/.local/lib/python3.13/site-packages/airflow/sdk/execution_time/callback_runner.py","lineno":97,"name":"run"},{"filename":"/opt/airflow/dags/cyber_threat_orchestration.py","lineno":53,"name":"ingest_otx"},{"filename":"/opt/airflow/dags/cyber_threat_orchestration.py","lineno":24,"name":"run_script"}],"is_group":false,"exceptions":[]}]}
